Created by PLY version 3.11 (http://www.dabeaz.com/ply)

Grammar

Rule 0     S' -> formula
Rule 1     formula -> formula AND formula
Rule 2     formula -> formula OR formula
Rule 3     formula -> formula IMPLIES formula
Rule 4     formula -> formula DIMPLIES formula
Rule 5     formula -> formula PLUS formula
Rule 6     formula -> formula SEMICOL formula
Rule 7     formula -> formula QUESTION
Rule 8     formula -> formula STAR
Rule 9     formula -> NOT formula
Rule 10    formula -> TRUE
Rule 11    formula -> FALSE
Rule 12    formula -> LAST
Rule 13    formula -> TERM
Rule 14    formula -> LPAR formula RPAR
Rule 15    formula -> LCUBE formula RCUBE formula
Rule 16    formula -> LDIAM formula RDIAM formula

Terminals, with rules where they appear

AND                  : 1
DIMPLIES             : 4
FALSE                : 11
IMPLIES              : 3
LAST                 : 12
LCUBE                : 15
LDIAM                : 16
LPAR                 : 14
NOT                  : 9
OR                   : 2
PLUS                 : 5
QUESTION             : 7
RCUBE                : 15
RDIAM                : 16
RPAR                 : 14
SEMICOL              : 6
STAR                 : 8
TERM                 : 13
TRUE                 : 10
error                : 

Nonterminals, with rules where they appear

formula              : 1 1 2 2 3 3 4 4 5 5 6 6 7 8 9 14 15 15 16 16 0

Parsing method: LALR

state 0

    (0) S' -> . formula
    (1) formula -> . formula AND formula
    (2) formula -> . formula OR formula
    (3) formula -> . formula IMPLIES formula
    (4) formula -> . formula DIMPLIES formula
    (5) formula -> . formula PLUS formula
    (6) formula -> . formula SEMICOL formula
    (7) formula -> . formula QUESTION
    (8) formula -> . formula STAR
    (9) formula -> . NOT formula
    (10) formula -> . TRUE
    (11) formula -> . FALSE
    (12) formula -> . LAST
    (13) formula -> . TERM
    (14) formula -> . LPAR formula RPAR
    (15) formula -> . LCUBE formula RCUBE formula
    (16) formula -> . LDIAM formula RDIAM formula

    NOT             shift and go to state 2
    TRUE            shift and go to state 3
    FALSE           shift and go to state 4
    LAST            shift and go to state 5
    TERM            shift and go to state 6
    LPAR            shift and go to state 7
    LCUBE           shift and go to state 8
    LDIAM           shift and go to state 9

    formula                        shift and go to state 1

state 1

    (0) S' -> formula .
    (1) formula -> formula . AND formula
    (2) formula -> formula . OR formula
    (3) formula -> formula . IMPLIES formula
    (4) formula -> formula . DIMPLIES formula
    (5) formula -> formula . PLUS formula
    (6) formula -> formula . SEMICOL formula
    (7) formula -> formula . QUESTION
    (8) formula -> formula . STAR

    AND             shift and go to state 10
    OR              shift and go to state 11
    IMPLIES         shift and go to state 12
    DIMPLIES        shift and go to state 13
    PLUS            shift and go to state 14
    SEMICOL         shift and go to state 15
    QUESTION        shift and go to state 16
    STAR            shift and go to state 17


state 2

    (9) formula -> NOT . formula
    (1) formula -> . formula AND formula
    (2) formula -> . formula OR formula
    (3) formula -> . formula IMPLIES formula
    (4) formula -> . formula DIMPLIES formula
    (5) formula -> . formula PLUS formula
    (6) formula -> . formula SEMICOL formula
    (7) formula -> . formula QUESTION
    (8) formula -> . formula STAR
    (9) formula -> . NOT formula
    (10) formula -> . TRUE
    (11) formula -> . FALSE
    (12) formula -> . LAST
    (13) formula -> . TERM
    (14) formula -> . LPAR formula RPAR
    (15) formula -> . LCUBE formula RCUBE formula
    (16) formula -> . LDIAM formula RDIAM formula

    NOT             shift and go to state 2
    TRUE            shift and go to state 3
    FALSE           shift and go to state 4
    LAST            shift and go to state 5
    TERM            shift and go to state 6
    LPAR            shift and go to state 7
    LCUBE           shift and go to state 8
    LDIAM           shift and go to state 9

    formula                        shift and go to state 18

state 3

    (10) formula -> TRUE .

    AND             reduce using rule 10 (formula -> TRUE .)
    OR              reduce using rule 10 (formula -> TRUE .)
    IMPLIES         reduce using rule 10 (formula -> TRUE .)
    DIMPLIES        reduce using rule 10 (formula -> TRUE .)
    PLUS            reduce using rule 10 (formula -> TRUE .)
    SEMICOL         reduce using rule 10 (formula -> TRUE .)
    QUESTION        reduce using rule 10 (formula -> TRUE .)
    STAR            reduce using rule 10 (formula -> TRUE .)
    $end            reduce using rule 10 (formula -> TRUE .)
    RPAR            reduce using rule 10 (formula -> TRUE .)
    RCUBE           reduce using rule 10 (formula -> TRUE .)
    RDIAM           reduce using rule 10 (formula -> TRUE .)


state 4

    (11) formula -> FALSE .

    AND             reduce using rule 11 (formula -> FALSE .)
    OR              reduce using rule 11 (formula -> FALSE .)
    IMPLIES         reduce using rule 11 (formula -> FALSE .)
    DIMPLIES        reduce using rule 11 (formula -> FALSE .)
    PLUS            reduce using rule 11 (formula -> FALSE .)
    SEMICOL         reduce using rule 11 (formula -> FALSE .)
    QUESTION        reduce using rule 11 (formula -> FALSE .)
    STAR            reduce using rule 11 (formula -> FALSE .)
    $end            reduce using rule 11 (formula -> FALSE .)
    RPAR            reduce using rule 11 (formula -> FALSE .)
    RCUBE           reduce using rule 11 (formula -> FALSE .)
    RDIAM           reduce using rule 11 (formula -> FALSE .)


state 5

    (12) formula -> LAST .

    AND             reduce using rule 12 (formula -> LAST .)
    OR              reduce using rule 12 (formula -> LAST .)
    IMPLIES         reduce using rule 12 (formula -> LAST .)
    DIMPLIES        reduce using rule 12 (formula -> LAST .)
    PLUS            reduce using rule 12 (formula -> LAST .)
    SEMICOL         reduce using rule 12 (formula -> LAST .)
    QUESTION        reduce using rule 12 (formula -> LAST .)
    STAR            reduce using rule 12 (formula -> LAST .)
    $end            reduce using rule 12 (formula -> LAST .)
    RPAR            reduce using rule 12 (formula -> LAST .)
    RCUBE           reduce using rule 12 (formula -> LAST .)
    RDIAM           reduce using rule 12 (formula -> LAST .)


state 6

    (13) formula -> TERM .

    AND             reduce using rule 13 (formula -> TERM .)
    OR              reduce using rule 13 (formula -> TERM .)
    IMPLIES         reduce using rule 13 (formula -> TERM .)
    DIMPLIES        reduce using rule 13 (formula -> TERM .)
    PLUS            reduce using rule 13 (formula -> TERM .)
    SEMICOL         reduce using rule 13 (formula -> TERM .)
    QUESTION        reduce using rule 13 (formula -> TERM .)
    STAR            reduce using rule 13 (formula -> TERM .)
    $end            reduce using rule 13 (formula -> TERM .)
    RPAR            reduce using rule 13 (formula -> TERM .)
    RCUBE           reduce using rule 13 (formula -> TERM .)
    RDIAM           reduce using rule 13 (formula -> TERM .)


state 7

    (14) formula -> LPAR . formula RPAR
    (1) formula -> . formula AND formula
    (2) formula -> . formula OR formula
    (3) formula -> . formula IMPLIES formula
    (4) formula -> . formula DIMPLIES formula
    (5) formula -> . formula PLUS formula
    (6) formula -> . formula SEMICOL formula
    (7) formula -> . formula QUESTION
    (8) formula -> . formula STAR
    (9) formula -> . NOT formula
    (10) formula -> . TRUE
    (11) formula -> . FALSE
    (12) formula -> . LAST
    (13) formula -> . TERM
    (14) formula -> . LPAR formula RPAR
    (15) formula -> . LCUBE formula RCUBE formula
    (16) formula -> . LDIAM formula RDIAM formula

    NOT             shift and go to state 2
    TRUE            shift and go to state 3
    FALSE           shift and go to state 4
    LAST            shift and go to state 5
    TERM            shift and go to state 6
    LPAR            shift and go to state 7
    LCUBE           shift and go to state 8
    LDIAM           shift and go to state 9

    formula                        shift and go to state 19

state 8

    (15) formula -> LCUBE . formula RCUBE formula
    (1) formula -> . formula AND formula
    (2) formula -> . formula OR formula
    (3) formula -> . formula IMPLIES formula
    (4) formula -> . formula DIMPLIES formula
    (5) formula -> . formula PLUS formula
    (6) formula -> . formula SEMICOL formula
    (7) formula -> . formula QUESTION
    (8) formula -> . formula STAR
    (9) formula -> . NOT formula
    (10) formula -> . TRUE
    (11) formula -> . FALSE
    (12) formula -> . LAST
    (13) formula -> . TERM
    (14) formula -> . LPAR formula RPAR
    (15) formula -> . LCUBE formula RCUBE formula
    (16) formula -> . LDIAM formula RDIAM formula

    NOT             shift and go to state 2
    TRUE            shift and go to state 3
    FALSE           shift and go to state 4
    LAST            shift and go to state 5
    TERM            shift and go to state 6
    LPAR            shift and go to state 7
    LCUBE           shift and go to state 8
    LDIAM           shift and go to state 9

    formula                        shift and go to state 20

state 9

    (16) formula -> LDIAM . formula RDIAM formula
    (1) formula -> . formula AND formula
    (2) formula -> . formula OR formula
    (3) formula -> . formula IMPLIES formula
    (4) formula -> . formula DIMPLIES formula
    (5) formula -> . formula PLUS formula
    (6) formula -> . formula SEMICOL formula
    (7) formula -> . formula QUESTION
    (8) formula -> . formula STAR
    (9) formula -> . NOT formula
    (10) formula -> . TRUE
    (11) formula -> . FALSE
    (12) formula -> . LAST
    (13) formula -> . TERM
    (14) formula -> . LPAR formula RPAR
    (15) formula -> . LCUBE formula RCUBE formula
    (16) formula -> . LDIAM formula RDIAM formula

    NOT             shift and go to state 2
    TRUE            shift and go to state 3
    FALSE           shift and go to state 4
    LAST            shift and go to state 5
    TERM            shift and go to state 6
    LPAR            shift and go to state 7
    LCUBE           shift and go to state 8
    LDIAM           shift and go to state 9

    formula                        shift and go to state 21

state 10

    (1) formula -> formula AND . formula
    (1) formula -> . formula AND formula
    (2) formula -> . formula OR formula
    (3) formula -> . formula IMPLIES formula
    (4) formula -> . formula DIMPLIES formula
    (5) formula -> . formula PLUS formula
    (6) formula -> . formula SEMICOL formula
    (7) formula -> . formula QUESTION
    (8) formula -> . formula STAR
    (9) formula -> . NOT formula
    (10) formula -> . TRUE
    (11) formula -> . FALSE
    (12) formula -> . LAST
    (13) formula -> . TERM
    (14) formula -> . LPAR formula RPAR
    (15) formula -> . LCUBE formula RCUBE formula
    (16) formula -> . LDIAM formula RDIAM formula

    NOT             shift and go to state 2
    TRUE            shift and go to state 3
    FALSE           shift and go to state 4
    LAST            shift and go to state 5
    TERM            shift and go to state 6
    LPAR            shift and go to state 7
    LCUBE           shift and go to state 8
    LDIAM           shift and go to state 9

    formula                        shift and go to state 22

state 11

    (2) formula -> formula OR . formula
    (1) formula -> . formula AND formula
    (2) formula -> . formula OR formula
    (3) formula -> . formula IMPLIES formula
    (4) formula -> . formula DIMPLIES formula
    (5) formula -> . formula PLUS formula
    (6) formula -> . formula SEMICOL formula
    (7) formula -> . formula QUESTION
    (8) formula -> . formula STAR
    (9) formula -> . NOT formula
    (10) formula -> . TRUE
    (11) formula -> . FALSE
    (12) formula -> . LAST
    (13) formula -> . TERM
    (14) formula -> . LPAR formula RPAR
    (15) formula -> . LCUBE formula RCUBE formula
    (16) formula -> . LDIAM formula RDIAM formula

    NOT             shift and go to state 2
    TRUE            shift and go to state 3
    FALSE           shift and go to state 4
    LAST            shift and go to state 5
    TERM            shift and go to state 6
    LPAR            shift and go to state 7
    LCUBE           shift and go to state 8
    LDIAM           shift and go to state 9

    formula                        shift and go to state 23

state 12

    (3) formula -> formula IMPLIES . formula
    (1) formula -> . formula AND formula
    (2) formula -> . formula OR formula
    (3) formula -> . formula IMPLIES formula
    (4) formula -> . formula DIMPLIES formula
    (5) formula -> . formula PLUS formula
    (6) formula -> . formula SEMICOL formula
    (7) formula -> . formula QUESTION
    (8) formula -> . formula STAR
    (9) formula -> . NOT formula
    (10) formula -> . TRUE
    (11) formula -> . FALSE
    (12) formula -> . LAST
    (13) formula -> . TERM
    (14) formula -> . LPAR formula RPAR
    (15) formula -> . LCUBE formula RCUBE formula
    (16) formula -> . LDIAM formula RDIAM formula

    NOT             shift and go to state 2
    TRUE            shift and go to state 3
    FALSE           shift and go to state 4
    LAST            shift and go to state 5
    TERM            shift and go to state 6
    LPAR            shift and go to state 7
    LCUBE           shift and go to state 8
    LDIAM           shift and go to state 9

    formula                        shift and go to state 24

state 13

    (4) formula -> formula DIMPLIES . formula
    (1) formula -> . formula AND formula
    (2) formula -> . formula OR formula
    (3) formula -> . formula IMPLIES formula
    (4) formula -> . formula DIMPLIES formula
    (5) formula -> . formula PLUS formula
    (6) formula -> . formula SEMICOL formula
    (7) formula -> . formula QUESTION
    (8) formula -> . formula STAR
    (9) formula -> . NOT formula
    (10) formula -> . TRUE
    (11) formula -> . FALSE
    (12) formula -> . LAST
    (13) formula -> . TERM
    (14) formula -> . LPAR formula RPAR
    (15) formula -> . LCUBE formula RCUBE formula
    (16) formula -> . LDIAM formula RDIAM formula

    NOT             shift and go to state 2
    TRUE            shift and go to state 3
    FALSE           shift and go to state 4
    LAST            shift and go to state 5
    TERM            shift and go to state 6
    LPAR            shift and go to state 7
    LCUBE           shift and go to state 8
    LDIAM           shift and go to state 9

    formula                        shift and go to state 25

state 14

    (5) formula -> formula PLUS . formula
    (1) formula -> . formula AND formula
    (2) formula -> . formula OR formula
    (3) formula -> . formula IMPLIES formula
    (4) formula -> . formula DIMPLIES formula
    (5) formula -> . formula PLUS formula
    (6) formula -> . formula SEMICOL formula
    (7) formula -> . formula QUESTION
    (8) formula -> . formula STAR
    (9) formula -> . NOT formula
    (10) formula -> . TRUE
    (11) formula -> . FALSE
    (12) formula -> . LAST
    (13) formula -> . TERM
    (14) formula -> . LPAR formula RPAR
    (15) formula -> . LCUBE formula RCUBE formula
    (16) formula -> . LDIAM formula RDIAM formula

    NOT             shift and go to state 2
    TRUE            shift and go to state 3
    FALSE           shift and go to state 4
    LAST            shift and go to state 5
    TERM            shift and go to state 6
    LPAR            shift and go to state 7
    LCUBE           shift and go to state 8
    LDIAM           shift and go to state 9

    formula                        shift and go to state 26

state 15

    (6) formula -> formula SEMICOL . formula
    (1) formula -> . formula AND formula
    (2) formula -> . formula OR formula
    (3) formula -> . formula IMPLIES formula
    (4) formula -> . formula DIMPLIES formula
    (5) formula -> . formula PLUS formula
    (6) formula -> . formula SEMICOL formula
    (7) formula -> . formula QUESTION
    (8) formula -> . formula STAR
    (9) formula -> . NOT formula
    (10) formula -> . TRUE
    (11) formula -> . FALSE
    (12) formula -> . LAST
    (13) formula -> . TERM
    (14) formula -> . LPAR formula RPAR
    (15) formula -> . LCUBE formula RCUBE formula
    (16) formula -> . LDIAM formula RDIAM formula

    NOT             shift and go to state 2
    TRUE            shift and go to state 3
    FALSE           shift and go to state 4
    LAST            shift and go to state 5
    TERM            shift and go to state 6
    LPAR            shift and go to state 7
    LCUBE           shift and go to state 8
    LDIAM           shift and go to state 9

    formula                        shift and go to state 27

state 16

    (7) formula -> formula QUESTION .

    AND             reduce using rule 7 (formula -> formula QUESTION .)
    OR              reduce using rule 7 (formula -> formula QUESTION .)
    IMPLIES         reduce using rule 7 (formula -> formula QUESTION .)
    DIMPLIES        reduce using rule 7 (formula -> formula QUESTION .)
    PLUS            reduce using rule 7 (formula -> formula QUESTION .)
    SEMICOL         reduce using rule 7 (formula -> formula QUESTION .)
    QUESTION        reduce using rule 7 (formula -> formula QUESTION .)
    STAR            reduce using rule 7 (formula -> formula QUESTION .)
    $end            reduce using rule 7 (formula -> formula QUESTION .)
    RPAR            reduce using rule 7 (formula -> formula QUESTION .)
    RCUBE           reduce using rule 7 (formula -> formula QUESTION .)
    RDIAM           reduce using rule 7 (formula -> formula QUESTION .)


state 17

    (8) formula -> formula STAR .

    AND             reduce using rule 8 (formula -> formula STAR .)
    OR              reduce using rule 8 (formula -> formula STAR .)
    IMPLIES         reduce using rule 8 (formula -> formula STAR .)
    DIMPLIES        reduce using rule 8 (formula -> formula STAR .)
    PLUS            reduce using rule 8 (formula -> formula STAR .)
    SEMICOL         reduce using rule 8 (formula -> formula STAR .)
    QUESTION        reduce using rule 8 (formula -> formula STAR .)
    STAR            reduce using rule 8 (formula -> formula STAR .)
    $end            reduce using rule 8 (formula -> formula STAR .)
    RPAR            reduce using rule 8 (formula -> formula STAR .)
    RCUBE           reduce using rule 8 (formula -> formula STAR .)
    RDIAM           reduce using rule 8 (formula -> formula STAR .)


state 18

    (9) formula -> NOT formula .
    (1) formula -> formula . AND formula
    (2) formula -> formula . OR formula
    (3) formula -> formula . IMPLIES formula
    (4) formula -> formula . DIMPLIES formula
    (5) formula -> formula . PLUS formula
    (6) formula -> formula . SEMICOL formula
    (7) formula -> formula . QUESTION
    (8) formula -> formula . STAR

    AND             reduce using rule 9 (formula -> NOT formula .)
    OR              reduce using rule 9 (formula -> NOT formula .)
    IMPLIES         reduce using rule 9 (formula -> NOT formula .)
    DIMPLIES        reduce using rule 9 (formula -> NOT formula .)
    PLUS            reduce using rule 9 (formula -> NOT formula .)
    SEMICOL         reduce using rule 9 (formula -> NOT formula .)
    QUESTION        reduce using rule 9 (formula -> NOT formula .)
    STAR            reduce using rule 9 (formula -> NOT formula .)
    $end            reduce using rule 9 (formula -> NOT formula .)
    RPAR            reduce using rule 9 (formula -> NOT formula .)
    RCUBE           reduce using rule 9 (formula -> NOT formula .)
    RDIAM           reduce using rule 9 (formula -> NOT formula .)

  ! AND             [ shift and go to state 10 ]
  ! OR              [ shift and go to state 11 ]
  ! IMPLIES         [ shift and go to state 12 ]
  ! DIMPLIES        [ shift and go to state 13 ]
  ! PLUS            [ shift and go to state 14 ]
  ! SEMICOL         [ shift and go to state 15 ]
  ! QUESTION        [ shift and go to state 16 ]
  ! STAR            [ shift and go to state 17 ]


state 19

    (14) formula -> LPAR formula . RPAR
    (1) formula -> formula . AND formula
    (2) formula -> formula . OR formula
    (3) formula -> formula . IMPLIES formula
    (4) formula -> formula . DIMPLIES formula
    (5) formula -> formula . PLUS formula
    (6) formula -> formula . SEMICOL formula
    (7) formula -> formula . QUESTION
    (8) formula -> formula . STAR

    RPAR            shift and go to state 28
    AND             shift and go to state 10
    OR              shift and go to state 11
    IMPLIES         shift and go to state 12
    DIMPLIES        shift and go to state 13
    PLUS            shift and go to state 14
    SEMICOL         shift and go to state 15
    QUESTION        shift and go to state 16
    STAR            shift and go to state 17


state 20

    (15) formula -> LCUBE formula . RCUBE formula
    (1) formula -> formula . AND formula
    (2) formula -> formula . OR formula
    (3) formula -> formula . IMPLIES formula
    (4) formula -> formula . DIMPLIES formula
    (5) formula -> formula . PLUS formula
    (6) formula -> formula . SEMICOL formula
    (7) formula -> formula . QUESTION
    (8) formula -> formula . STAR

    RCUBE           shift and go to state 29
    AND             shift and go to state 10
    OR              shift and go to state 11
    IMPLIES         shift and go to state 12
    DIMPLIES        shift and go to state 13
    PLUS            shift and go to state 14
    SEMICOL         shift and go to state 15
    QUESTION        shift and go to state 16
    STAR            shift and go to state 17


state 21

    (16) formula -> LDIAM formula . RDIAM formula
    (1) formula -> formula . AND formula
    (2) formula -> formula . OR formula
    (3) formula -> formula . IMPLIES formula
    (4) formula -> formula . DIMPLIES formula
    (5) formula -> formula . PLUS formula
    (6) formula -> formula . SEMICOL formula
    (7) formula -> formula . QUESTION
    (8) formula -> formula . STAR

    RDIAM           shift and go to state 30
    AND             shift and go to state 10
    OR              shift and go to state 11
    IMPLIES         shift and go to state 12
    DIMPLIES        shift and go to state 13
    PLUS            shift and go to state 14
    SEMICOL         shift and go to state 15
    QUESTION        shift and go to state 16
    STAR            shift and go to state 17


state 22

    (1) formula -> formula AND formula .
    (1) formula -> formula . AND formula
    (2) formula -> formula . OR formula
    (3) formula -> formula . IMPLIES formula
    (4) formula -> formula . DIMPLIES formula
    (5) formula -> formula . PLUS formula
    (6) formula -> formula . SEMICOL formula
    (7) formula -> formula . QUESTION
    (8) formula -> formula . STAR

    AND             reduce using rule 1 (formula -> formula AND formula .)
    OR              reduce using rule 1 (formula -> formula AND formula .)
    IMPLIES         reduce using rule 1 (formula -> formula AND formula .)
    DIMPLIES        reduce using rule 1 (formula -> formula AND formula .)
    PLUS            reduce using rule 1 (formula -> formula AND formula .)
    SEMICOL         reduce using rule 1 (formula -> formula AND formula .)
    $end            reduce using rule 1 (formula -> formula AND formula .)
    RPAR            reduce using rule 1 (formula -> formula AND formula .)
    RCUBE           reduce using rule 1 (formula -> formula AND formula .)
    RDIAM           reduce using rule 1 (formula -> formula AND formula .)
    QUESTION        shift and go to state 16
    STAR            shift and go to state 17

  ! QUESTION        [ reduce using rule 1 (formula -> formula AND formula .) ]
  ! STAR            [ reduce using rule 1 (formula -> formula AND formula .) ]
  ! AND             [ shift and go to state 10 ]
  ! OR              [ shift and go to state 11 ]
  ! IMPLIES         [ shift and go to state 12 ]
  ! DIMPLIES        [ shift and go to state 13 ]
  ! PLUS            [ shift and go to state 14 ]
  ! SEMICOL         [ shift and go to state 15 ]


state 23

    (2) formula -> formula OR formula .
    (1) formula -> formula . AND formula
    (2) formula -> formula . OR formula
    (3) formula -> formula . IMPLIES formula
    (4) formula -> formula . DIMPLIES formula
    (5) formula -> formula . PLUS formula
    (6) formula -> formula . SEMICOL formula
    (7) formula -> formula . QUESTION
    (8) formula -> formula . STAR

    AND             reduce using rule 2 (formula -> formula OR formula .)
    OR              reduce using rule 2 (formula -> formula OR formula .)
    IMPLIES         reduce using rule 2 (formula -> formula OR formula .)
    DIMPLIES        reduce using rule 2 (formula -> formula OR formula .)
    PLUS            reduce using rule 2 (formula -> formula OR formula .)
    SEMICOL         reduce using rule 2 (formula -> formula OR formula .)
    $end            reduce using rule 2 (formula -> formula OR formula .)
    RPAR            reduce using rule 2 (formula -> formula OR formula .)
    RCUBE           reduce using rule 2 (formula -> formula OR formula .)
    RDIAM           reduce using rule 2 (formula -> formula OR formula .)
    QUESTION        shift and go to state 16
    STAR            shift and go to state 17

  ! QUESTION        [ reduce using rule 2 (formula -> formula OR formula .) ]
  ! STAR            [ reduce using rule 2 (formula -> formula OR formula .) ]
  ! AND             [ shift and go to state 10 ]
  ! OR              [ shift and go to state 11 ]
  ! IMPLIES         [ shift and go to state 12 ]
  ! DIMPLIES        [ shift and go to state 13 ]
  ! PLUS            [ shift and go to state 14 ]
  ! SEMICOL         [ shift and go to state 15 ]


state 24

    (3) formula -> formula IMPLIES formula .
    (1) formula -> formula . AND formula
    (2) formula -> formula . OR formula
    (3) formula -> formula . IMPLIES formula
    (4) formula -> formula . DIMPLIES formula
    (5) formula -> formula . PLUS formula
    (6) formula -> formula . SEMICOL formula
    (7) formula -> formula . QUESTION
    (8) formula -> formula . STAR

    AND             reduce using rule 3 (formula -> formula IMPLIES formula .)
    OR              reduce using rule 3 (formula -> formula IMPLIES formula .)
    IMPLIES         reduce using rule 3 (formula -> formula IMPLIES formula .)
    DIMPLIES        reduce using rule 3 (formula -> formula IMPLIES formula .)
    PLUS            reduce using rule 3 (formula -> formula IMPLIES formula .)
    SEMICOL         reduce using rule 3 (formula -> formula IMPLIES formula .)
    $end            reduce using rule 3 (formula -> formula IMPLIES formula .)
    RPAR            reduce using rule 3 (formula -> formula IMPLIES formula .)
    RCUBE           reduce using rule 3 (formula -> formula IMPLIES formula .)
    RDIAM           reduce using rule 3 (formula -> formula IMPLIES formula .)
    QUESTION        shift and go to state 16
    STAR            shift and go to state 17

  ! QUESTION        [ reduce using rule 3 (formula -> formula IMPLIES formula .) ]
  ! STAR            [ reduce using rule 3 (formula -> formula IMPLIES formula .) ]
  ! AND             [ shift and go to state 10 ]
  ! OR              [ shift and go to state 11 ]
  ! IMPLIES         [ shift and go to state 12 ]
  ! DIMPLIES        [ shift and go to state 13 ]
  ! PLUS            [ shift and go to state 14 ]
  ! SEMICOL         [ shift and go to state 15 ]


state 25

    (4) formula -> formula DIMPLIES formula .
    (1) formula -> formula . AND formula
    (2) formula -> formula . OR formula
    (3) formula -> formula . IMPLIES formula
    (4) formula -> formula . DIMPLIES formula
    (5) formula -> formula . PLUS formula
    (6) formula -> formula . SEMICOL formula
    (7) formula -> formula . QUESTION
    (8) formula -> formula . STAR

    AND             reduce using rule 4 (formula -> formula DIMPLIES formula .)
    OR              reduce using rule 4 (formula -> formula DIMPLIES formula .)
    IMPLIES         reduce using rule 4 (formula -> formula DIMPLIES formula .)
    DIMPLIES        reduce using rule 4 (formula -> formula DIMPLIES formula .)
    PLUS            reduce using rule 4 (formula -> formula DIMPLIES formula .)
    SEMICOL         reduce using rule 4 (formula -> formula DIMPLIES formula .)
    $end            reduce using rule 4 (formula -> formula DIMPLIES formula .)
    RPAR            reduce using rule 4 (formula -> formula DIMPLIES formula .)
    RCUBE           reduce using rule 4 (formula -> formula DIMPLIES formula .)
    RDIAM           reduce using rule 4 (formula -> formula DIMPLIES formula .)
    QUESTION        shift and go to state 16
    STAR            shift and go to state 17

  ! QUESTION        [ reduce using rule 4 (formula -> formula DIMPLIES formula .) ]
  ! STAR            [ reduce using rule 4 (formula -> formula DIMPLIES formula .) ]
  ! AND             [ shift and go to state 10 ]
  ! OR              [ shift and go to state 11 ]
  ! IMPLIES         [ shift and go to state 12 ]
  ! DIMPLIES        [ shift and go to state 13 ]
  ! PLUS            [ shift and go to state 14 ]
  ! SEMICOL         [ shift and go to state 15 ]


state 26

    (5) formula -> formula PLUS formula .
    (1) formula -> formula . AND formula
    (2) formula -> formula . OR formula
    (3) formula -> formula . IMPLIES formula
    (4) formula -> formula . DIMPLIES formula
    (5) formula -> formula . PLUS formula
    (6) formula -> formula . SEMICOL formula
    (7) formula -> formula . QUESTION
    (8) formula -> formula . STAR

    AND             reduce using rule 5 (formula -> formula PLUS formula .)
    OR              reduce using rule 5 (formula -> formula PLUS formula .)
    IMPLIES         reduce using rule 5 (formula -> formula PLUS formula .)
    DIMPLIES        reduce using rule 5 (formula -> formula PLUS formula .)
    PLUS            reduce using rule 5 (formula -> formula PLUS formula .)
    SEMICOL         reduce using rule 5 (formula -> formula PLUS formula .)
    $end            reduce using rule 5 (formula -> formula PLUS formula .)
    RPAR            reduce using rule 5 (formula -> formula PLUS formula .)
    RCUBE           reduce using rule 5 (formula -> formula PLUS formula .)
    RDIAM           reduce using rule 5 (formula -> formula PLUS formula .)
    QUESTION        shift and go to state 16
    STAR            shift and go to state 17

  ! QUESTION        [ reduce using rule 5 (formula -> formula PLUS formula .) ]
  ! STAR            [ reduce using rule 5 (formula -> formula PLUS formula .) ]
  ! AND             [ shift and go to state 10 ]
  ! OR              [ shift and go to state 11 ]
  ! IMPLIES         [ shift and go to state 12 ]
  ! DIMPLIES        [ shift and go to state 13 ]
  ! PLUS            [ shift and go to state 14 ]
  ! SEMICOL         [ shift and go to state 15 ]


state 27

    (6) formula -> formula SEMICOL formula .
    (1) formula -> formula . AND formula
    (2) formula -> formula . OR formula
    (3) formula -> formula . IMPLIES formula
    (4) formula -> formula . DIMPLIES formula
    (5) formula -> formula . PLUS formula
    (6) formula -> formula . SEMICOL formula
    (7) formula -> formula . QUESTION
    (8) formula -> formula . STAR

    AND             reduce using rule 6 (formula -> formula SEMICOL formula .)
    OR              reduce using rule 6 (formula -> formula SEMICOL formula .)
    IMPLIES         reduce using rule 6 (formula -> formula SEMICOL formula .)
    DIMPLIES        reduce using rule 6 (formula -> formula SEMICOL formula .)
    PLUS            reduce using rule 6 (formula -> formula SEMICOL formula .)
    SEMICOL         reduce using rule 6 (formula -> formula SEMICOL formula .)
    $end            reduce using rule 6 (formula -> formula SEMICOL formula .)
    RPAR            reduce using rule 6 (formula -> formula SEMICOL formula .)
    RCUBE           reduce using rule 6 (formula -> formula SEMICOL formula .)
    RDIAM           reduce using rule 6 (formula -> formula SEMICOL formula .)
    QUESTION        shift and go to state 16
    STAR            shift and go to state 17

  ! QUESTION        [ reduce using rule 6 (formula -> formula SEMICOL formula .) ]
  ! STAR            [ reduce using rule 6 (formula -> formula SEMICOL formula .) ]
  ! AND             [ shift and go to state 10 ]
  ! OR              [ shift and go to state 11 ]
  ! IMPLIES         [ shift and go to state 12 ]
  ! DIMPLIES        [ shift and go to state 13 ]
  ! PLUS            [ shift and go to state 14 ]
  ! SEMICOL         [ shift and go to state 15 ]


state 28

    (14) formula -> LPAR formula RPAR .

    AND             reduce using rule 14 (formula -> LPAR formula RPAR .)
    OR              reduce using rule 14 (formula -> LPAR formula RPAR .)
    IMPLIES         reduce using rule 14 (formula -> LPAR formula RPAR .)
    DIMPLIES        reduce using rule 14 (formula -> LPAR formula RPAR .)
    PLUS            reduce using rule 14 (formula -> LPAR formula RPAR .)
    SEMICOL         reduce using rule 14 (formula -> LPAR formula RPAR .)
    QUESTION        reduce using rule 14 (formula -> LPAR formula RPAR .)
    STAR            reduce using rule 14 (formula -> LPAR formula RPAR .)
    $end            reduce using rule 14 (formula -> LPAR formula RPAR .)
    RPAR            reduce using rule 14 (formula -> LPAR formula RPAR .)
    RCUBE           reduce using rule 14 (formula -> LPAR formula RPAR .)
    RDIAM           reduce using rule 14 (formula -> LPAR formula RPAR .)


state 29

    (15) formula -> LCUBE formula RCUBE . formula
    (1) formula -> . formula AND formula
    (2) formula -> . formula OR formula
    (3) formula -> . formula IMPLIES formula
    (4) formula -> . formula DIMPLIES formula
    (5) formula -> . formula PLUS formula
    (6) formula -> . formula SEMICOL formula
    (7) formula -> . formula QUESTION
    (8) formula -> . formula STAR
    (9) formula -> . NOT formula
    (10) formula -> . TRUE
    (11) formula -> . FALSE
    (12) formula -> . LAST
    (13) formula -> . TERM
    (14) formula -> . LPAR formula RPAR
    (15) formula -> . LCUBE formula RCUBE formula
    (16) formula -> . LDIAM formula RDIAM formula

    NOT             shift and go to state 2
    TRUE            shift and go to state 3
    FALSE           shift and go to state 4
    LAST            shift and go to state 5
    TERM            shift and go to state 6
    LPAR            shift and go to state 7
    LCUBE           shift and go to state 8
    LDIAM           shift and go to state 9

    formula                        shift and go to state 31

state 30

    (16) formula -> LDIAM formula RDIAM . formula
    (1) formula -> . formula AND formula
    (2) formula -> . formula OR formula
    (3) formula -> . formula IMPLIES formula
    (4) formula -> . formula DIMPLIES formula
    (5) formula -> . formula PLUS formula
    (6) formula -> . formula SEMICOL formula
    (7) formula -> . formula QUESTION
    (8) formula -> . formula STAR
    (9) formula -> . NOT formula
    (10) formula -> . TRUE
    (11) formula -> . FALSE
    (12) formula -> . LAST
    (13) formula -> . TERM
    (14) formula -> . LPAR formula RPAR
    (15) formula -> . LCUBE formula RCUBE formula
    (16) formula -> . LDIAM formula RDIAM formula

    NOT             shift and go to state 2
    TRUE            shift and go to state 3
    FALSE           shift and go to state 4
    LAST            shift and go to state 5
    TERM            shift and go to state 6
    LPAR            shift and go to state 7
    LCUBE           shift and go to state 8
    LDIAM           shift and go to state 9

    formula                        shift and go to state 32

state 31

    (15) formula -> LCUBE formula RCUBE formula .
    (1) formula -> formula . AND formula
    (2) formula -> formula . OR formula
    (3) formula -> formula . IMPLIES formula
    (4) formula -> formula . DIMPLIES formula
    (5) formula -> formula . PLUS formula
    (6) formula -> formula . SEMICOL formula
    (7) formula -> formula . QUESTION
    (8) formula -> formula . STAR

    AND             reduce using rule 15 (formula -> LCUBE formula RCUBE formula .)
    OR              reduce using rule 15 (formula -> LCUBE formula RCUBE formula .)
    IMPLIES         reduce using rule 15 (formula -> LCUBE formula RCUBE formula .)
    DIMPLIES        reduce using rule 15 (formula -> LCUBE formula RCUBE formula .)
    PLUS            reduce using rule 15 (formula -> LCUBE formula RCUBE formula .)
    SEMICOL         reduce using rule 15 (formula -> LCUBE formula RCUBE formula .)
    QUESTION        reduce using rule 15 (formula -> LCUBE formula RCUBE formula .)
    STAR            reduce using rule 15 (formula -> LCUBE formula RCUBE formula .)
    $end            reduce using rule 15 (formula -> LCUBE formula RCUBE formula .)
    RPAR            reduce using rule 15 (formula -> LCUBE formula RCUBE formula .)
    RCUBE           reduce using rule 15 (formula -> LCUBE formula RCUBE formula .)
    RDIAM           reduce using rule 15 (formula -> LCUBE formula RCUBE formula .)

  ! AND             [ shift and go to state 10 ]
  ! OR              [ shift and go to state 11 ]
  ! IMPLIES         [ shift and go to state 12 ]
  ! DIMPLIES        [ shift and go to state 13 ]
  ! PLUS            [ shift and go to state 14 ]
  ! SEMICOL         [ shift and go to state 15 ]
  ! QUESTION        [ shift and go to state 16 ]
  ! STAR            [ shift and go to state 17 ]


state 32

    (16) formula -> LDIAM formula RDIAM formula .
    (1) formula -> formula . AND formula
    (2) formula -> formula . OR formula
    (3) formula -> formula . IMPLIES formula
    (4) formula -> formula . DIMPLIES formula
    (5) formula -> formula . PLUS formula
    (6) formula -> formula . SEMICOL formula
    (7) formula -> formula . QUESTION
    (8) formula -> formula . STAR

    AND             reduce using rule 16 (formula -> LDIAM formula RDIAM formula .)
    OR              reduce using rule 16 (formula -> LDIAM formula RDIAM formula .)
    IMPLIES         reduce using rule 16 (formula -> LDIAM formula RDIAM formula .)
    DIMPLIES        reduce using rule 16 (formula -> LDIAM formula RDIAM formula .)
    PLUS            reduce using rule 16 (formula -> LDIAM formula RDIAM formula .)
    SEMICOL         reduce using rule 16 (formula -> LDIAM formula RDIAM formula .)
    QUESTION        reduce using rule 16 (formula -> LDIAM formula RDIAM formula .)
    STAR            reduce using rule 16 (formula -> LDIAM formula RDIAM formula .)
    $end            reduce using rule 16 (formula -> LDIAM formula RDIAM formula .)
    RPAR            reduce using rule 16 (formula -> LDIAM formula RDIAM formula .)
    RCUBE           reduce using rule 16 (formula -> LDIAM formula RDIAM formula .)
    RDIAM           reduce using rule 16 (formula -> LDIAM formula RDIAM formula .)

  ! AND             [ shift and go to state 10 ]
  ! OR              [ shift and go to state 11 ]
  ! IMPLIES         [ shift and go to state 12 ]
  ! DIMPLIES        [ shift and go to state 13 ]
  ! PLUS            [ shift and go to state 14 ]
  ! SEMICOL         [ shift and go to state 15 ]
  ! QUESTION        [ shift and go to state 16 ]
  ! STAR            [ shift and go to state 17 ]

